2018-02-06 21:44:07,791 user[test] [adequate disk space, rest space 1024.00M]
2018-02-06 21:49:49,625 user[test] [adequate disk space, rest space 1024.00M]
2018-02-06 21:49:49,625 user[test] [adequate disk space, rest space 1024.00M]
2018-02-06 21:50:18,127 user[test] [adequate disk space, rest space 1024.00M]
2018-02-06 21:51:20,233 user[test] [adequate disk space, rest space 1024.00M]
2018-02-06 21:51:20,233 user[test] [adequate disk space, rest space 1024.00M]
2018-02-06 21:51:21,317 user[test] [--file recv done--]
2018-02-06 21:51:21,317 user[test] [--file recv done--]
2018-02-06 21:51:21,317 user[test] [--file recv done--]
2018-02-06 21:51:21,317 user[test] [update test space 1071180800]
2018-02-06 21:51:21,317 user[test] [update test space 1071180800]
2018-02-06 21:51:21,317 user[test] [update test space 1071180800]
2018-02-06 21:51:21,317 user[test] [update test space 1071180800]
2018-02-06 21:51:21,320 user[test] [File consistency check is successful]
2018-02-06 21:51:21,320 user[test] [File consistency check is successful]
2018-02-06 21:51:21,320 user[test] [File consistency check is successful]
2018-02-06 21:51:21,320 user[test] [File consistency check is successful]
2018-02-06 21:51:21,320 user[test] [File consistency check is successful]
2018-02-06 21:51:32,047 user[test] [make dir C:\Users\84429\FTP\FTP_SERVER\home\test\sb sucessful]
2018-02-06 21:51:32,047 user[test] [make dir C:\Users\84429\FTP\FTP_SERVER\home\test\sb sucessful]
2018-02-06 21:51:32,047 user[test] [make dir C:\Users\84429\FTP\FTP_SERVER\home\test\sb sucessful]
2018-02-06 21:51:32,047 user[test] [make dir C:\Users\84429\FTP\FTP_SERVER\home\test\sb sucessful]
2018-02-06 21:51:32,047 user[test] [make dir C:\Users\84429\FTP\FTP_SERVER\home\test\sb sucessful]
2018-02-06 21:51:32,047 user[test] [make dir C:\Users\84429\FTP\FTP_SERVER\home\test\sb sucessful]
2018-02-06 21:51:36,322 user[test] [cd C:\Users\84429\FTP\FTP_SERVER\home\test\sb]
2018-02-06 21:51:36,322 user[test] [cd C:\Users\84429\FTP\FTP_SERVER\home\test\sb]
2018-02-06 21:51:36,322 user[test] [cd C:\Users\84429\FTP\FTP_SERVER\home\test\sb]
2018-02-06 21:51:36,322 user[test] [cd C:\Users\84429\FTP\FTP_SERVER\home\test\sb]
2018-02-06 21:51:36,322 user[test] [cd C:\Users\84429\FTP\FTP_SERVER\home\test\sb]
2018-02-06 21:51:36,322 user[test] [cd C:\Users\84429\FTP\FTP_SERVER\home\test\sb]
2018-02-06 21:51:36,322 user[test] [cd C:\Users\84429\FTP\FTP_SERVER\home\test\sb]
2018-02-06 21:56:11,933 user[test] [view relative path]
2018-02-06 21:56:11,933 user[test] [view relative path]
2018-02-06 21:56:11,933 user[test] [view relative path]
2018-02-06 21:56:11,933 user[test] [view relative path]
2018-02-06 21:56:11,933 user[test] [view relative path]
2018-02-06 21:56:11,933 user[test] [view relative path]
2018-02-06 21:56:11,933 user[test] [view relative path]
2018-02-06 21:56:11,933 user[test] [view relative path]
2018-02-06 21:56:17,431 user[test] [adequate disk space, rest space 1024.00M]
2018-02-06 21:56:17,431 user[test] [adequate disk space, rest space 1024.00M]
2018-02-06 21:56:17,431 user[test] [adequate disk space, rest space 1024.00M]
2018-02-06 21:56:17,431 user[test] [adequate disk space, rest space 1024.00M]
2018-02-06 21:56:17,431 user[test] [adequate disk space, rest space 1024.00M]
2018-02-06 21:56:17,431 user[test] [adequate disk space, rest space 1024.00M]
2018-02-06 21:56:17,431 user[test] [adequate disk space, rest space 1024.00M]
2018-02-06 21:56:17,431 user[test] [adequate disk space, rest space 1024.00M]
2018-02-06 21:56:17,431 user[test] [adequate disk space, rest space 1024.00M]
2018-02-06 21:56:17,470 user[test] [--file recv done--]
2018-02-06 21:56:17,470 user[test] [--file recv done--]
2018-02-06 21:56:17,470 user[test] [--file recv done--]
2018-02-06 21:56:17,470 user[test] [--file recv done--]
2018-02-06 21:56:17,470 user[test] [--file recv done--]
2018-02-06 21:56:17,470 user[test] [--file recv done--]
2018-02-06 21:56:17,470 user[test] [--file recv done--]
2018-02-06 21:56:17,470 user[test] [--file recv done--]
2018-02-06 21:56:17,470 user[test] [--file recv done--]
2018-02-06 21:56:17,470 user[test] [--file recv done--]
2018-02-06 21:56:17,471 user[test] [update test space 1071180800]
2018-02-06 21:56:17,471 user[test] [update test space 1071180800]
2018-02-06 21:56:17,471 user[test] [update test space 1071180800]
2018-02-06 21:56:17,471 user[test] [update test space 1071180800]
2018-02-06 21:56:17,471 user[test] [update test space 1071180800]
2018-02-06 21:56:17,471 user[test] [update test space 1071180800]
2018-02-06 21:56:17,471 user[test] [update test space 1071180800]
2018-02-06 21:56:17,471 user[test] [update test space 1071180800]
2018-02-06 21:56:17,471 user[test] [update test space 1071180800]
2018-02-06 21:56:17,471 user[test] [update test space 1071180800]
2018-02-06 21:56:17,471 user[test] [update test space 1071180800]
2018-02-06 21:56:20,519 user[test] [view relative path]
2018-02-06 21:56:20,519 user[test] [view relative path]
2018-02-06 21:56:20,519 user[test] [view relative path]
2018-02-06 21:56:20,519 user[test] [view relative path]
2018-02-06 21:56:20,519 user[test] [view relative path]
2018-02-06 21:56:20,519 user[test] [view relative path]
2018-02-06 21:56:20,519 user[test] [view relative path]
2018-02-06 21:56:20,519 user[test] [view relative path]
2018-02-06 21:56:20,519 user[test] [view relative path]
2018-02-06 21:56:20,519 user[test] [view relative path]
2018-02-06 21:56:20,519 user[test] [view relative path]
2018-02-06 21:56:20,519 user[test] [view relative path]
2018-02-06 21:56:21,669 user[test] [use ls command]
2018-02-06 21:56:21,669 user[test] [use ls command]
2018-02-06 21:56:21,669 user[test] [use ls command]
2018-02-06 21:56:21,669 user[test] [use ls command]
2018-02-06 21:56:21,669 user[test] [use ls command]
2018-02-06 21:56:21,669 user[test] [use ls command]
2018-02-06 21:56:21,669 user[test] [use ls command]
2018-02-06 21:56:21,669 user[test] [use ls command]
2018-02-06 21:56:21,669 user[test] [use ls command]
2018-02-06 21:56:21,669 user[test] [use ls command]
2018-02-06 21:56:21,669 user[test] [use ls command]
2018-02-06 21:56:21,669 user[test] [use ls command]
2018-02-06 21:56:21,669 user[test] [use ls command]
2018-02-06 21:56:24,170 user[test] [use cd .. command]
2018-02-06 21:56:24,170 user[test] [use cd .. command]
2018-02-06 21:56:24,170 user[test] [use cd .. command]
2018-02-06 21:56:24,170 user[test] [use cd .. command]
2018-02-06 21:56:24,170 user[test] [use cd .. command]
2018-02-06 21:56:24,170 user[test] [use cd .. command]
2018-02-06 21:56:24,170 user[test] [use cd .. command]
2018-02-06 21:56:24,170 user[test] [use cd .. command]
2018-02-06 21:56:24,170 user[test] [use cd .. command]
2018-02-06 21:56:24,170 user[test] [use cd .. command]
2018-02-06 21:56:24,170 user[test] [use cd .. command]
2018-02-06 21:56:24,170 user[test] [use cd .. command]
2018-02-06 21:56:24,170 user[test] [use cd .. command]
2018-02-06 21:56:24,170 user[test] [use cd .. command]
2018-02-06 21:56:25,569 user[test] [use ls command]
2018-02-06 21:56:25,569 user[test] [use ls command]
2018-02-06 21:56:25,569 user[test] [use ls command]
2018-02-06 21:56:25,569 user[test] [use ls command]
2018-02-06 21:56:25,569 user[test] [use ls command]
2018-02-06 21:56:25,569 user[test] [use ls command]
2018-02-06 21:56:25,569 user[test] [use ls command]
2018-02-06 21:56:25,569 user[test] [use ls command]
2018-02-06 21:56:25,569 user[test] [use ls command]
2018-02-06 21:56:25,569 user[test] [use ls command]
2018-02-06 21:56:25,569 user[test] [use ls command]
2018-02-06 21:56:25,569 user[test] [use ls command]
2018-02-06 21:56:25,569 user[test] [use ls command]
2018-02-06 21:56:25,569 user[test] [use ls command]
2018-02-06 21:56:25,569 user[test] [use ls command]
2018-02-06 21:56:27,632 user[test] [use ls command]
2018-02-06 21:56:27,632 user[test] [use ls command]
2018-02-06 21:56:27,632 user[test] [use ls command]
2018-02-06 21:56:27,632 user[test] [use ls command]
2018-02-06 21:56:27,632 user[test] [use ls command]
2018-02-06 21:56:27,632 user[test] [use ls command]
2018-02-06 21:56:27,632 user[test] [use ls command]
2018-02-06 21:56:27,632 user[test] [use ls command]
2018-02-06 21:56:27,632 user[test] [use ls command]
2018-02-06 21:56:27,632 user[test] [use ls command]
2018-02-06 21:56:27,632 user[test] [use ls command]
2018-02-06 21:56:27,632 user[test] [use ls command]
2018-02-06 21:56:27,632 user[test] [use ls command]
2018-02-06 21:56:27,632 user[test] [use ls command]
2018-02-06 21:56:27,632 user[test] [use ls command]
2018-02-06 21:56:27,632 user[test] [use ls command]
2018-02-06 21:56:41,051 user[test] [__send file done__]
2018-02-06 21:56:41,051 user[test] [__send file done__]
2018-02-06 21:56:41,051 user[test] [__send file done__]
2018-02-06 21:56:41,051 user[test] [__send file done__]
2018-02-06 21:56:41,051 user[test] [__send file done__]
2018-02-06 21:56:41,051 user[test] [__send file done__]
2018-02-06 21:56:41,051 user[test] [__send file done__]
2018-02-06 21:56:41,051 user[test] [__send file done__]
2018-02-06 21:56:41,051 user[test] [__send file done__]
2018-02-06 21:56:41,051 user[test] [__send file done__]
2018-02-06 21:56:41,051 user[test] [__send file done__]
2018-02-06 21:56:41,051 user[test] [__send file done__]
2018-02-06 21:56:41,051 user[test] [__send file done__]
2018-02-06 21:56:41,051 user[test] [__send file done__]
2018-02-06 21:56:41,051 user[test] [__send file done__]
2018-02-06 21:56:41,051 user[test] [__send file done__]
2018-02-06 21:56:41,051 user[test] [__send file done__]
